<?xml version="1.0" encoding="UTF-8"?>
<!-- Generated by org.testng.reporters.JUnitReportReporter -->
<testsuite hostname="ws-daniela-10" name="com.perfecto.testing.WebScenarioParallel" tests="6" failures="0" timestamp="7 Jul 2016 06:46:48 GMT" time="152.905" errors="0">
  <testcase name="geicoInsurance" time="27.593" classname="com.perfecto.testing.WebScenarioParallel"/>
  <testcase name="geicoInsurance" time="46.729" classname="com.perfecto.testing.WebScenarioParallel"/>
  <testcase name="searchGoogle" time="12.583" classname="com.perfecto.testing.WebScenarioParallel"/>
  <testcase name="searchGoogle" time="4.384" classname="com.perfecto.testing.WebScenarioParallel"/>
  <testcase name="geicoInsurance" time="48.868" classname="com.perfecto.testing.WebScenarioParallel"/>
  <testcase name="searchGoogle" time="12.748" classname="com.perfecto.testing.WebScenarioParallel"/>
</testsuite> <!-- com.perfecto.testing.WebScenarioParallel -->
